  stl.cpp
c:\users\нео\documents\visual studio 2015\projects\lab13(a)\lab13(a)\stl.cpp(72): warning C4018: <: несоответствие типов со знаком и без знака
c:\users\нео\documents\visual studio 2015\projects\lab13(a)\lab13(a)\stl.cpp(192): warning C4018: <: несоответствие типов со знаком и без знака
c:\users\нео\documents\visual studio 2015\projects\lab13(a)\lab13(a)\stl.cpp(402): warning C4018: <: несоответствие типов со знаком и без знака
c:\users\нео\documents\visual studio 2015\projects\lab13(a)\lab13(a)\stl.cpp(420): warning C4018: <: несоответствие типов со знаком и без знака
c:\users\нео\documents\visual studio 2015\projects\lab13(a)\lab13(a)\stl.cpp(438): warning C4129: *: неизвестная escape-последовательность
c:\users\нео\documents\visual studio 2015\projects\lab13(a)\lab13(a)\stl.cpp(445): warning C4244: =: преобразование "std::streamoff" в "int", возможна потеря данных
c:\users\нео\documents\visual studio 2015\projects\lab13(a)\lab13(a)\stl.cpp(555): warning C4018: <: несоответствие типов со знаком и без знака
c:\users\нео\documents\visual studio 2015\projects\lab13(a)\lab13(a)\stl.cpp(573): warning C4018: <: несоответствие типов со знаком и без знака
c:\users\нео\documents\visual studio 2015\projects\lab13(a)\lab13(a)\stl.cpp(588): warning C4129: *: неизвестная escape-последовательность
c:\users\нео\documents\visual studio 2015\projects\lab13(a)\lab13(a)\stl.cpp(595): warning C4244: =: преобразование "std::streamoff" в "int", возможна потеря данных
c:\users\нео\documents\visual studio 2015\projects\lab13(a)\lab13(a)\stl.cpp(700): warning C4018: <: несоответствие типов со знаком и без знака
c:\users\нео\documents\visual studio 2015\projects\lab13(a)\lab13(a)\stl.cpp(718): warning C4018: <: несоответствие типов со знаком и без знака
c:\users\нео\documents\visual studio 2015\projects\lab13(a)\lab13(a)\stl.cpp(733): warning C4129: *: неизвестная escape-последовательность
c:\users\нео\documents\visual studio 2015\projects\lab13(a)\lab13(a)\stl.cpp(740): warning C4244: =: преобразование "std::streamoff" в "int", возможна потеря данных
c:\users\нео\documents\visual studio 2015\projects\lab13(a)\lab13(a)\stl.cpp(968): warning C4018: <: несоответствие типов со знаком и без знака
c:\users\нео\documents\visual studio 2015\projects\lab13(a)\lab13(a)\stl.cpp(986): warning C4018: <: несоответствие типов со знаком и без знака
c:\users\нео\documents\visual studio 2015\projects\lab13(a)\lab13(a)\stl.cpp(1007): warning C4129: *: неизвестная escape-последовательность
c:\users\нео\documents\visual studio 2015\projects\lab13(a)\lab13(a)\stl.cpp(1107): warning C4018: <: несоответствие типов со знаком и без знака
c:\users\нео\documents\visual studio 2015\projects\lab13(a)\lab13(a)\stl.cpp(1117): warning C4018: <: несоответствие типов со знаком и без знака
c:\users\нео\documents\visual studio 2015\projects\lab13(a)\lab13(a)\stl.cpp(1129): warning C4018: <: несоответствие типов со знаком и без знака
c:\users\нео\documents\visual studio 2015\projects\lab13(a)\lab13(a)\stl.cpp(1143): warning C4129: *: неизвестная escape-последовательность
c:\users\нео\documents\visual studio 2015\projects\lab13(a)\lab13(a)\stl.cpp(1152): warning C4244: =: преобразование "std::streamoff" в "int", возможна потеря данных
c:\users\нео\documents\visual studio 2015\projects\lab13(a)\lab13(a)\stl.cpp(1154): warning C4018: <: несоответствие типов со знаком и без знака
c:\users\нео\documents\visual studio 2015\projects\lab13(a)\lab13(a)\stl.cpp(1145): warning C4101: h: неиспользованная локальная переменная
c:\users\нео\documents\visual studio 2015\projects\lab13(a)\lab13(a)\stl.cpp(870): warning C4715: Organization_DinList::pop_front: значение возвращается не при всех путях выполнения
  lab13(a).vcxproj -> C:\Users\нео\documents\visual studio 2015\Projects\lab13(a)\Debug\lab13(a).exe
  lab13(a).vcxproj -> C:\Users\нео\documents\visual studio 2015\Projects\lab13(a)\Debug\lab13(a).pdb (Full PDB)
